<?xml version="1.0" encoding="UTF-8"?>
<testcase id="test-case-icvp"
  xmlns="http://www.gitb.com/tdl/v1/"
  xmlns:gitb="http://www.gitb.com/core/v1/">

  <metadata>
    <gitb:name>ICVP: Barcode Image → IPS Bundle</gitb:name>
    <gitb:description>
      Upload a barcode image, decode to HC1 and CWT payload, install IGs on Matchbox via SMART Helper,
      transform inner content using ICVPClaimtoIPS, and validate the result against IPS Bundle profile.
    </gitb:description>
    <gitb:version>1.0</gitb:version>
  </metadata>

  <actors>
    <gitb:actor id="User" role="SUT"/>
    <gitb:actor id="HCertDecoder"/>
    <gitb:actor id="SMARTHelper"/>
    <gitb:actor id="FHIRValidator"/>
  </actors>

  <steps>

    <!-- =========================================================================================
         1) USER UPLOADS BARCODE IMAGE → /decode/image
         TECHNICALS:
           POST http://hcert-validator:8080/decode/image
           Content-Type: multipart/form-data
           Parts:
             - image: (binary file)
           Accept: application/json
           Response JSON: { "qr_data": "HC1:..." }
         ========================================================================================= -->
    <interact id="userFileUpload" desc="Upload barcode image (PNG/JPG)">
      <request desc="File to upload:" name="uploadedFile" inputType="UPLOAD" required="true"/>
    </interact>

    <!-- Build multipart part named 'image' -->
    <assign to="imgPart{name}">"image"</assign>
    <assign to="imgPart{contentType}">"image/png"</assign>
    <assign to="imgPart{fileName}">"barcode.png"</assign>
    <assign to="imgPart{content}">$userFileUpload{uploadedFile}</assign>
    <assign to="imgParts" append="true">$imgPart</assign>

    <!-- Ask JSON back so the response body is parsed as JSON -->
    <assign to="imgHeaders{Accept}">"application/json"</assign>

    <send id="decodeImage" desc="Decode QR image → qr_data" handler="HttpMessagingV2" from="User" to="HCertDecoder">
      <input name="uri">"http://hcert-validator:8080/decode/image"</input>
      <input name="method">"POST"</input>
      <input name="parts">$imgParts</input>
      <input name="headers">$imgHeaders</input>
    </send>
    <verify handler="NumberValidator" desc="Image decode returns HTTP 200">
      <input name="actualnumber">$decodeImage{response}{status}</input>
      <input name="expectednumber">"200"</input>
    </verify>

    <!-- Extract qr_data (HC1:...) from response JSON -->
    <process handler="JsonPointerProcessor" operation="process" output="qrData">
      <input name="content">$decodeImage{response}{body}</input>
      <input name="pointer">"/qr_data"</input>
    </process>

    <!-- =========================================================================================
         2) DECODE HC1 → /decode/hcert
         TECHNICALS:
           POST http://hcert-validator:8080/decode/hcert
           Content-Type: application/json
           Body: {"qr_data":"<HC1...>"}           (use JSON-safe templating)
           Accept: application/json
           Response JSON: { cose: {...}, payload: {...}, hcert: {...} }
         ========================================================================================= -->
    <!-- Build {"qr_data":"<HC1...>"} safely -->
    <assign to="qrParam{value}">$qrData</assign>
    <assign to="qrTemplate">'{"qr_data":"${value?json_string}"}'</assign>
    <process handler="TemplateProcessor" operation="process" output="qrBody">
      <input name="syntax">"freemarker"</input>
      <input name="template">$qrTemplate</input>
      <input name="parameters">$qrParam</input>
    </process>

    <assign to="jsonHeaders{Content-Type}">"application/json"</assign>
    <assign to="jsonHeaders{Accept}">"application/json"</assign>

    <send id="decodeHC1" desc="Decode HC1 → COSE/payload/hcert" handler="HttpMessagingV2" from="User" to="HCertDecoder">
      <input name="uri">"http://hcert-validator:8080/decode/hcert"</input>
      <input name="method">"POST"</input>
      <input name="headers">$jsonHeaders</input>
      <input name="body">$qrBody</input>
    </send>
    <verify handler="NumberValidator" desc="HC1 decode returns HTTP 200">
      <input name="actualnumber">$decodeHC1{response}{status}</input>
      <input name="expectednumber">"200"</input>
    </verify>

    <!-- Extract full CWT payload and inner content -->
    <process handler="JsonPointerProcessor" operation="process" output="cwtPayload">
      <input name="content">$decodeHC1{response}{body}</input>
      <input name="pointer">"/payload"</input>
    </process>
    <process handler="JsonPointerProcessor" operation="process" output="innerContent">
      <input name="content">$cwtPayload</input>
      <input name="pointer">"/-260/-6"</input>
    </process>

    <!-- =========================================================================================
         3) INSTALL TWO IGs VIA SMART HELPER (UPDATED FOR NEW ENDPOINT)
         TECHNICALS:
           POST http://smart-helper:8000/upload_ig
           Content-Type: application/json
           Body: {"ig_url":"<ig url>", "host":"http://matchbox:8080/matchboxv3/fhir"}
           Response JSON: {summary:{...}, results:[...]}
         ========================================================================================= -->
    <assign to="igHeaders{Content-Type}">"application/json"</assign>
    <assign to="igHeaders{Accept}">"application/json"</assign>

    <!-- IG #1 (JSON body with direct host URL) -->
    <assign to="ig1Params{url}">"https://build.fhir.org/ig/costateixeira/smart-trust-phw/"</assign>
    <assign to="ig1Params{host}">"http://matchbox:8080/matchboxv3/fhir"</assign>
    <assign to="ig1Template">'{"ig_url":"${url}", "host":"${host}"}'</assign>
    <process handler="TemplateProcessor" operation="process" output="igBody1">
      <input name="syntax">"freemarker"</input>
      <input name="template">$ig1Template</input>
      <input name="parameters">$ig1Params</input>
    </process>

    <log>$igBody1</log>

    <send id="uploadIG1" desc="Upload IG #1 to Matchbox" handler="HttpMessagingV2" from="User" to="SMARTHelper">
      <input name="uri">"http://smart-helper:8000/upload_ig"</input>
      <input name="method">"POST"</input>
      <input name="headers">$igHeaders</input>
      <input name="body">$igBody1</input>
    </send>
    <verify handler="NumberValidator" desc="IG #1 upload returns HTTP 200">
      <input name="actualnumber">$uploadIG1{response}{status}</input>
      <input name="expectednumber">"200"</input>
    </verify>

    <!-- IG #2 (JSON body with direct host URL) -->
    <assign to="ig2Params{url}">"https://worldhealthorganization.github.io/smart-icvp/branches/ritika"</assign>
    <assign to="ig2Params{host}">"http://matchbox:8080/matchboxv3/fhir"</assign>
    <assign to="ig2Template">'{"ig_url":"${url}", "host":"${host}"}'</assign>
    <process handler="TemplateProcessor" operation="process" output="igBody2">
      <input name="syntax">"freemarker"</input>
      <input name="template">$ig2Template</input>
      <input name="parameters">$ig2Params</input>
    </process>

    <log>$igBody2</log>

    <send id="uploadIG2" desc="Upload IG #2 to Matchbox" handler="HttpMessagingV2" from="User" to="SMARTHelper">
      <input name="uri">"http://smart-helper:8000/upload_ig"</input>
      <input name="method">"POST"</input>
      <input name="headers">$igHeaders</input>
      <input name="body">$igBody2</input>
    </send>
    <verify handler="NumberValidator" desc="IG #2 upload returns HTTP 200">
      <input name="actualnumber">$uploadIG2{response}{status}</input>
      <input name="expectednumber">"200"</input>
    </verify>

    <!-- =========================================================================================
         4) TRANSFORM INNER CONTENT VIA SMART HELPER → /transform
         TECHNICALS:
           POST http://smart-helper:8000/transform?source=http://smart.who.int/icvp/StructureMap/ICVPClaimtoIPS
           Content-Type: application/fhir+json
           Body: <innerContent JSON>   (raw JSON, not double-encoded)
           Response JSON: { ok: true, result: <FHIR Bundle>, ... }
         ========================================================================================= -->
    <!-- Render the innerContent JSON to a raw string body -->
    <assign to="transformParams{obj}">$innerContent</assign>
    <!-- IMPORTANT: Template must be a LITERAL string so TDL does not evaluate ${obj} itself -->
    <assign to="transformTemplate">'${obj}'</assign>
    <process handler="TemplateProcessor" operation="process" output="transformBody">
      <input name="syntax">"freemarker"</input>
      <input name="template">$transformTemplate</input>
      <input name="parameters">$transformParams</input>
    </process>

    <!-- Headers and query parameters -->
    <assign to="xformHeaders{Content-Type}">"application/fhir+json"</assign>
    <assign to="xformHeaders{Accept}">"application/json"</assign>
    <assign to="xformQuery{source}">"http://smart.who.int/icvp/StructureMap/ICVPClaimtoIPS"</assign>

    <send id="doTransform" desc="StructureMap $transform (SMART Helper)" handler="HttpMessagingV2" from="User" to="SMARTHelper">
      <input name="uri">"http://smart-helper:8000/transform"</input>
      <input name="method">"POST"</input>
      <input name="headers">$xformHeaders</input>
      <input name="parameters">$xformQuery</input>   <!-- lets the handler URL-encode 'source' -->
      <input name="body">$transformBody</input>      <!-- raw JSON string -->
    </send>
    <verify handler="NumberValidator" desc="Transform HTTP 200">
      <input name="actualnumber">$doTransform{response}{status}</input>
      <input name="expectednumber">"200"</input>
    </verify>

    <!-- Extract the transformed FHIR Bundle from { ok, result, ... } -->
    <process handler="JsonPointerProcessor" operation="process" output="bundleResult">
      <input name="content">$doTransform{response}{body}</input>
      <input name="pointer">"/result"</input>
    </process>

    <!-- =========================================================================================
         5) VALIDATE THE BUNDLE VIA SMART HELPER → /validate
         TECHNICALS:
           POST http://smart-helper:8000/validate
           Content-Type: application/json
           Body: {"resource": <Bundle JSON>, "profile_url": "http://hl7.org/fhir/uv/ips/StructureDefinition/Bundle-uv-ips"}
           Response JSON: { endpoint, status, ok, issues:[...], raw:OperationOutcome? }
         ========================================================================================= -->
<!-- Build validation request body (same pattern as transform) -->
<!-- Build validation request body using concatenation -->
<assign to="valParams{obj}">$bundleResult</assign>
<assign to="valResourceTemplate">'${obj}'</assign>
<process handler="TemplateProcessor" operation="process" output="valResourceBody">
  <input name="syntax">"freemarker"</input>
  <input name="template">$valResourceTemplate</input>
  <input name="parameters">$valParams</input>
</process>

<!-- Build the wrapper JSON using string concatenation -->
<assign to="validateBody">concat('{"resource": ', $valResourceBody, ', "profile_url": "http://hl7.org/fhir/uv/ips/StructureDefinition/Bundle-uv-ips", "host": "http://fhir-server:8080/fhir"}')</assign>

<log>concat('Validation body: ', $validateBody)</log>

<send id="validateIPS" desc="Validate IPS Bundle (via SMART Helper)" handler="HttpMessagingV2" from="User" to="FHIRValidator">
  <input name="uri">"http://smart-helper:8000/validate"</input>
  <input name="method">"POST"</input>
  <input name="headers">$jsonHeaders</input>
  <input name="body">$validateBody</input>
</send>
    <verify handler="NumberValidator" desc="Validation HTTP 200">
      <input name="actualnumber">$validateIPS{response}{status}</input>
      <input name="expectednumber">"200"</input>
    </verify>

    <!-- Optional: Extract issues array to inspect results -->
    <process handler="JsonPointerProcessor" operation="process" output="validationIssues">
      <input name="content">$validateIPS{response}{body}</input>
      <input name="pointer">"/issues"</input>
    </process>

  </steps>

  <output>
    <success>
      <default>"Barcode decoded, CWT transformed to IPS Bundle, and validation executed successfully."</default>
    </success>
  </output>
</testcase>